<?xml version="1.0" encoding="UTF-8" standalone="no"?>
<testsuite failures="1" name="cucumber.runtime.formatter.JUnitFormatter" skipped="0" tests="1" time="2.422427">
<testcase classname="Free CRM Login Feature" name="Free CRM login test scenario" time="2.422427">
<failure message="org.openqa.selenium.SessionNotCreatedException: session not created: This version of ChromeDriver only supports Chrome version 81&#10;Build info: version: '3.12.0', revision: '7c6e0b3', time: '2018-05-08T14:04:26.12Z'&#10;System info: host: 'sumitsharmas-MacBook-Air.local', ip: 'fe80:0:0:0:806:6ff:137c:434%en0', os.name: 'Mac OS X', os.arch: 'x86_64', os.version: '10.15.4', java.version: '1.8.0_181'&#10;Driver info: driver.version: ChromeDriver&#10;remote stacktrace: 0   chromedriver                        0x00000001052cd269 chromedriver + 4674153&#10;1   chromedriver                        0x0000000105267593 chromedriver + 4257171&#10;2   chromedriver                        0x0000000104f10fcf chromedriver + 757711&#10;3   chromedriver                        0x0000000104e70f89 chromedriver + 102281&#10;4   chromedriver                        0x0000000104e6d1bc chromedriver + 86460&#10;5   chromedriver                        0x0000000104e9c3c3 chromedriver + 279491&#10;6   chromedriver                        0x0000000104e991d3 chromedriver + 266707&#10;7   chromedriver                        0x0000000104e731dd chromedriver + 111069&#10;8   chromedriver                        0x0000000104e74185 chromedriver + 115077&#10;9   chromedriver                        0x000000010528efff chromedriver + 4419583&#10;10  chromedriver                        0x000000010529c7ba chromedriver + 4474810&#10;11  chromedriver                        0x000000010529c557 chromedriver + 4474199&#10;12  chromedriver                        0x0000000105273149 chromedriver + 4305225&#10;13  chromedriver                        0x000000010529d067 chromedriver + 4477031&#10;14  chromedriver                        0x0000000105284d87 chromedriver + 4377991&#10;15  chromedriver                        0x00000001052b32d4 chromedriver + 4567764&#10;16  chromedriver                        0x00000001052d31f7 chromedriver + 4698615&#10;17  libsystem_pthread.dylib             0x00007fff681e2109 _pthread_start + 148&#10;18  libsystem_pthread.dylib             0x00007fff681ddb8b thread_start + 15&#10;&#10;&#9;at sun.reflect.NativeConstructorAccessorImpl.newInstance0(Native Method)&#10;&#9;at sun.reflect.NativeConstructorAccessorImpl.newInstance(NativeConstructorAccessorImpl.java:62)&#10;&#9;at sun.reflect.DelegatingConstructorAccessorImpl.newInstance(DelegatingConstructorAccessorImpl.java:45)&#10;&#9;at java.lang.reflect.Constructor.newInstance(Constructor.java:423)&#10;&#9;at org.openqa.selenium.remote.W3CHandshakeResponse.lambda$new$0(W3CHandshakeResponse.java:57)&#10;&#9;at org.openqa.selenium.remote.W3CHandshakeResponse.lambda$getResponseFunction$2(W3CHandshakeResponse.java:104)&#10;&#9;at org.openqa.selenium.remote.ProtocolHandshake.lambda$createSession$0(ProtocolHandshake.java:123)&#10;&#9;at java.util.stream.ReferencePipeline$3$1.accept(ReferencePipeline.java:193)&#10;&#9;at java.util.Spliterators$ArraySpliterator.tryAdvance(Spliterators.java:958)&#10;&#9;at java.util.stream.ReferencePipeline.forEachWithCancel(ReferencePipeline.java:126)&#10;&#9;at java.util.stream.AbstractPipeline.copyIntoWithCancel(AbstractPipeline.java:498)&#10;&#9;at java.util.stream.AbstractPipeline.copyInto(AbstractPipeline.java:485)&#10;&#9;at java.util.stream.AbstractPipeline.wrapAndCopyInto(AbstractPipeline.java:471)&#10;&#9;at java.util.stream.FindOps$FindOp.evaluateSequential(FindOps.java:152)&#10;&#9;at java.util.stream.AbstractPipeline.evaluate(AbstractPipeline.java:234)&#10;&#9;at java.util.stream.ReferencePipeline.findFirst(ReferencePipeline.java:464)&#10;&#9;at org.openqa.selenium.remote.ProtocolHandshake.createSession(ProtocolHandshake.java:126)&#10;&#9;at org.openqa.selenium.remote.ProtocolHandshake.createSession(ProtocolHandshake.java:73)&#10;&#9;at org.openqa.selenium.remote.HttpCommandExecutor.execute(HttpCommandExecutor.java:136)&#10;&#9;at org.openqa.selenium.remote.service.DriverCommandExecutor.execute(DriverCommandExecutor.java:83)&#10;&#9;at org.openqa.selenium.remote.RemoteWebDriver.execute(RemoteWebDriver.java:543)&#10;&#9;at org.openqa.selenium.remote.RemoteWebDriver.startSession(RemoteWebDriver.java:207)&#10;&#9;at org.openqa.selenium.remote.RemoteWebDriver.&lt;init&gt;(RemoteWebDriver.java:130)&#10;&#9;at org.openqa.selenium.chrome.ChromeDriver.&lt;init&gt;(ChromeDriver.java:181)&#10;&#9;at org.openqa.selenium.chrome.ChromeDriver.&lt;init&gt;(ChromeDriver.java:168)&#10;&#9;at org.openqa.selenium.chrome.ChromeDriver.&lt;init&gt;(ChromeDriver.java:123)&#10;&#9;at StepDefinition.LoginStepDefinition.user_is_already_on_login_page(LoginStepDefinition.java:27)&#10;&#9;at ✽.Given User is already on login page(/Users/sumitsharma/MyStuff/BDD/FreeCRMBDDFramework/src/main/java/Features/Login.feature:5)&#10;"><![CDATA[Given User is already on login page.........................................failed
When Title of login page is Free CRM........................................skipped
Then user enters "sumit.pb@gmail.com" and "Fake@73873"......................skipped
Then user clicks on login button............................................skipped
And user is on home page....................................................skipped

StackTrace:
org.openqa.selenium.SessionNotCreatedException: session not created: This version of ChromeDriver only supports Chrome version 81
Build info: version: '3.12.0', revision: '7c6e0b3', time: '2018-05-08T14:04:26.12Z'
System info: host: 'sumitsharmas-MacBook-Air.local', ip: 'fe80:0:0:0:806:6ff:137c:434%en0', os.name: 'Mac OS X', os.arch: 'x86_64', os.version: '10.15.4', java.version: '1.8.0_181'
Driver info: driver.version: ChromeDriver
remote stacktrace: 0   chromedriver                        0x00000001052cd269 chromedriver + 4674153
1   chromedriver                        0x0000000105267593 chromedriver + 4257171
2   chromedriver                        0x0000000104f10fcf chromedriver + 757711
3   chromedriver                        0x0000000104e70f89 chromedriver + 102281
4   chromedriver                        0x0000000104e6d1bc chromedriver + 86460
5   chromedriver                        0x0000000104e9c3c3 chromedriver + 279491
6   chromedriver                        0x0000000104e991d3 chromedriver + 266707
7   chromedriver                        0x0000000104e731dd chromedriver + 111069
8   chromedriver                        0x0000000104e74185 chromedriver + 115077
9   chromedriver                        0x000000010528efff chromedriver + 4419583
10  chromedriver                        0x000000010529c7ba chromedriver + 4474810
11  chromedriver                        0x000000010529c557 chromedriver + 4474199
12  chromedriver                        0x0000000105273149 chromedriver + 4305225
13  chromedriver                        0x000000010529d067 chromedriver + 4477031
14  chromedriver                        0x0000000105284d87 chromedriver + 4377991
15  chromedriver                        0x00000001052b32d4 chromedriver + 4567764
16  chromedriver                        0x00000001052d31f7 chromedriver + 4698615
17  libsystem_pthread.dylib             0x00007fff681e2109 _pthread_start + 148
18  libsystem_pthread.dylib             0x00007fff681ddb8b thread_start + 15

	at sun.reflect.NativeConstructorAccessorImpl.newInstance0(Native Method)
	at sun.reflect.NativeConstructorAccessorImpl.newInstance(NativeConstructorAccessorImpl.java:62)
	at sun.reflect.DelegatingConstructorAccessorImpl.newInstance(DelegatingConstructorAccessorImpl.java:45)
	at java.lang.reflect.Constructor.newInstance(Constructor.java:423)
	at org.openqa.selenium.remote.W3CHandshakeResponse.lambda$new$0(W3CHandshakeResponse.java:57)
	at org.openqa.selenium.remote.W3CHandshakeResponse.lambda$getResponseFunction$2(W3CHandshakeResponse.java:104)
	at org.openqa.selenium.remote.ProtocolHandshake.lambda$createSession$0(ProtocolHandshake.java:123)
	at java.util.stream.ReferencePipeline$3$1.accept(ReferencePipeline.java:193)
	at java.util.Spliterators$ArraySpliterator.tryAdvance(Spliterators.java:958)
	at java.util.stream.ReferencePipeline.forEachWithCancel(ReferencePipeline.java:126)
	at java.util.stream.AbstractPipeline.copyIntoWithCancel(AbstractPipeline.java:498)
	at java.util.stream.AbstractPipeline.copyInto(AbstractPipeline.java:485)
	at java.util.stream.AbstractPipeline.wrapAndCopyInto(AbstractPipeline.java:471)
	at java.util.stream.FindOps$FindOp.evaluateSequential(FindOps.java:152)
	at java.util.stream.AbstractPipeline.evaluate(AbstractPipeline.java:234)
	at java.util.stream.ReferencePipeline.findFirst(ReferencePipeline.java:464)
	at org.openqa.selenium.remote.ProtocolHandshake.createSession(ProtocolHandshake.java:126)
	at org.openqa.selenium.remote.ProtocolHandshake.createSession(ProtocolHandshake.java:73)
	at org.openqa.selenium.remote.HttpCommandExecutor.execute(HttpCommandExecutor.java:136)
	at org.openqa.selenium.remote.service.DriverCommandExecutor.execute(DriverCommandExecutor.java:83)
	at org.openqa.selenium.remote.RemoteWebDriver.execute(RemoteWebDriver.java:543)
	at org.openqa.selenium.remote.RemoteWebDriver.startSession(RemoteWebDriver.java:207)
	at org.openqa.selenium.remote.RemoteWebDriver.<init>(RemoteWebDriver.java:130)
	at org.openqa.selenium.chrome.ChromeDriver.<init>(ChromeDriver.java:181)
	at org.openqa.selenium.chrome.ChromeDriver.<init>(ChromeDriver.java:168)
	at org.openqa.selenium.chrome.ChromeDriver.<init>(ChromeDriver.java:123)
	at StepDefinition.LoginStepDefinition.user_is_already_on_login_page(LoginStepDefinition.java:27)
	at ✽.Given User is already on login page(/Users/sumitsharma/MyStuff/BDD/FreeCRMBDDFramework/src/main/java/Features/Login.feature:5)
]]></failure>
</testcase>
</testsuite>
